2024-05-15 11:10:02,848 [INFO] Activator:176 - 


2024-05-15 11:10:02,856 [INFO] Activator:177 - !SESSION log4j initialized
2024-05-15 11:10:09,999 [INFO] LogOutputStream:77 - [STDOUT_REDIRECT] 
2024-05-15 11:10:14,065 [INFO] ApplicationProperties:184 - Using Application install path: C:\ST\STM32CubeIDE_1.15.0\STM32CubeIDE\plugins\com.st.stm32cube.common.mx_6.11.0.202403141607
2024-05-15 11:10:14,091 [INFO] DbMcusXml:78 - Set database path to: C:\ST\STM32CubeIDE_1.15.0\STM32CubeIDE\plugins\com.st.stm32cube.common.mx_6.11.0.202403141607\\db\/mcu/
2024-05-15 11:10:14,092 [INFO] ApiDb:274 - Set plugin database path to: C:\ST\STM32CubeIDE_1.15.0\STM32CubeIDE\plugins\com.st.stm32cube.common.mx_6.11.0.202403141607\\db\/plugins/boardmanager/
2024-05-15 11:10:14,092 [WARN] ApiDb:259 - Overriding images path with different value:  => C:\ST\STM32CubeIDE_1.15.0\STM32CubeIDE\plugins\com.st.stm32cube.common.mx_6.11.0.202403141607\\db\/plugins/mcufinder/images/
2024-05-15 11:10:14,109 [INFO] ApiDb:250 - Set database path to: C:\Users\user\.stmcufinder\plugins\mcufinder//mcu/
2024-05-15 11:10:14,111 [INFO] DbMcusAds:125 - Set database path to: C:\Users\user\.stmcufinder\plugins\mcufinder//mcu/
2024-05-15 11:10:14,114 [INFO] CrossReferenceDbSqlite:203 - Set database path to: C:\Users\user\.stmcufinder\plugins\mcufinder//mcu/cs/
2024-05-15 11:10:14,339 [INFO] RulesReader:64 - Compatibility file has been processed (297 Rules)
2024-05-15 11:10:14,470 [INFO] DbMcusXml:78 - Set database path to: C:\ST\STM32CubeIDE_1.15.0\STM32CubeIDE\plugins\com.st.stm32cube.common.mx_6.11.0.202403141607\\db\/mcu/
2024-05-15 11:10:14,470 [INFO] ApiDb:274 - Set plugin database path to: C:\ST\STM32CubeIDE_1.15.0\STM32CubeIDE\plugins\com.st.stm32cube.common.mx_6.11.0.202403141607\\db\/plugins/boardmanager/
2024-05-15 11:10:14,470 [INFO] ApiDb:261 - Set plugin images path to: C:\ST\STM32CubeIDE_1.15.0\STM32CubeIDE\plugins\com.st.stm32cube.common.mx_6.11.0.202403141607\\db\/plugins/mcufinder/images/
2024-05-15 11:10:14,470 [WARN] DbFile:41 - Overriding database path with different value: C:\Users\user\.stmcufinder\plugins\mcufinder/ => C:\Users\user\.stmcufinder\plugins\mcufinder
2024-05-15 11:10:14,471 [INFO] ApiDb:250 - Set database path to: C:\Users\user\.stmcufinder\plugins\mcufinder//mcu/
2024-05-15 11:10:14,471 [WARN] DbFile:41 - Overriding database path with different value: C:\Users\user\.stmcufinder\plugins\mcufinder/ => C:\Users\user\.stmcufinder\plugins\mcufinder
2024-05-15 11:10:14,471 [INFO] DbMcusAds:125 - Set database path to: C:\Users\user\.stmcufinder\plugins\mcufinder//mcu/
2024-05-15 11:10:14,471 [WARN] DbFile:41 - Overriding database path with different value: C:\Users\user\.stmcufinder\plugins\mcufinder/ => C:\Users\user\.stmcufinder\plugins\mcufinder
2024-05-15 11:10:14,471 [WARN] DbFile:41 - Overriding database path with different value: C:\Users\user\.stmcufinder\plugins\mcufinder/ => C:\Users\user\.stmcufinder\plugins\mcufinder
2024-05-15 11:10:14,471 [INFO] CrossReferenceDbSqlite:203 - Set database path to: C:\Users\user\.stmcufinder\plugins\mcufinder//mcu/cs/
2024-05-15 11:10:14,578 [INFO] MainPanel:264 - HeapMemory: 268435456
2024-05-15 11:10:14,718 [INFO] DbMcusXml:78 - Set database path to: C:\ST\STM32CubeIDE_1.15.0\STM32CubeIDE\plugins\com.st.stm32cube.common.mx_6.11.0.202403141607\\db\/mcu/
2024-05-15 11:10:14,719 [INFO] ApiDb:274 - Set plugin database path to: C:\ST\STM32CubeIDE_1.15.0\STM32CubeIDE\plugins\com.st.stm32cube.common.mx_6.11.0.202403141607\\db\/plugins/boardmanager/
2024-05-15 11:10:14,719 [INFO] ApiDb:261 - Set plugin images path to: C:\ST\STM32CubeIDE_1.15.0\STM32CubeIDE\plugins\com.st.stm32cube.common.mx_6.11.0.202403141607\\db\/plugins/mcufinder/images/
2024-05-15 11:10:14,719 [WARN] DbFile:41 - Overriding database path with different value: C:\Users\user\.stmcufinder\plugins\mcufinder/ => C:\Users\user\.stmcufinder\plugins\mcufinder
2024-05-15 11:10:14,719 [INFO] ApiDb:250 - Set database path to: C:\Users\user\.stmcufinder\plugins\mcufinder//mcu/
2024-05-15 11:10:14,719 [WARN] DbFile:41 - Overriding database path with different value: C:\Users\user\.stmcufinder\plugins\mcufinder/ => C:\Users\user\.stmcufinder\plugins\mcufinder
2024-05-15 11:10:14,720 [INFO] DbMcusAds:125 - Set database path to: C:\Users\user\.stmcufinder\plugins\mcufinder//mcu/
2024-05-15 11:10:14,720 [WARN] DbFile:41 - Overriding database path with different value: C:\Users\user\.stmcufinder\plugins\mcufinder/ => C:\Users\user\.stmcufinder\plugins\mcufinder
2024-05-15 11:10:14,720 [WARN] DbFile:41 - Overriding database path with different value: C:\Users\user\.stmcufinder\plugins\mcufinder/ => C:\Users\user\.stmcufinder\plugins\mcufinder
2024-05-15 11:10:14,720 [INFO] CrossReferenceDbSqlite:203 - Set database path to: C:\Users\user\.stmcufinder\plugins\mcufinder//mcu/cs/
2024-05-15 11:10:14,745 [INFO] ApplicationProperties:184 - Using Application install path: C:\ST\STM32CubeIDE_1.15.0\STM32CubeIDE\plugins\com.st.stm32cube.common.mx_6.11.0.202403141607
2024-05-15 11:10:14,748 [INFO] PluginManage:196 - Search for loadable plugins [exclusion list=, ]
2024-05-15 11:10:14,750 [INFO] PluginManage:310 - Check plugin analytics
2024-05-15 11:10:15,131 [INFO] AnalyticsPlugin:253 - Accepted Software Licenses: 
2024-05-15 11:10:15,131 [INFO] AnalyticsPlugin:255 - Accepted CMSIS Pack Licenses: 
2024-05-15 11:10:15,132 [INFO] AnalyticsPlugin:257 - Accepted Firmware Licenses: 
2024-05-15 11:10:15,134 [INFO] PluginManage:359 - Loaded plugin analytics (category:tool,tabindex:-1)
2024-05-15 11:10:15,135 [INFO] PluginManage:310 - Check plugin cadmodel
2024-05-15 11:10:15,157 [INFO] CADModel:105 - Init CAD model plugin
2024-05-15 11:10:15,157 [INFO] PluginManage:359 - Loaded plugin cadmodel (category:power,tabindex:5)
2024-05-15 11:10:15,157 [INFO] PluginManage:310 - Check plugin clock
2024-05-15 11:10:15,187 [INFO] PluginManage:359 - Loaded plugin clock (category:base,tabindex:2)
2024-05-15 11:10:15,187 [INFO] PluginManage:310 - Check plugin ddr
2024-05-15 11:10:15,191 [INFO] PluginManage:359 - Loaded plugin ddr (category:tool,tabindex:6)
2024-05-15 11:10:15,191 [INFO] PluginManage:310 - Check plugin filemanager
2024-05-15 11:10:15,431 [INFO] PluginManage:359 - Loaded plugin filemanager (category:base,tabindex:10)
2024-05-15 11:10:15,431 [INFO] PluginManage:310 - Check plugin ipmanager
2024-05-15 11:10:15,441 [INFO] PluginManage:359 - Loaded plugin ipmanager (category:base,tabindex:5)
2024-05-15 11:10:15,441 [INFO] PluginManage:310 - Check plugin lpbam
2024-05-15 11:10:15,467 [INFO] PluginManage:359 - Loaded plugin lpbam (category:base,tabindex:0)
2024-05-15 11:10:15,467 [INFO] PluginManage:310 - Check plugin memorymap
2024-05-15 11:10:15,501 [INFO] PluginManage:359 - Loaded plugin memorymap (category:base,tabindex:4)
2024-05-15 11:10:15,501 [INFO] PluginManage:310 - Check plugin pinoutandconfiguration
2024-05-15 11:10:15,521 [INFO] PluginManage:359 - Loaded plugin pinoutandconfiguration (category:base,tabindex:1)
2024-05-15 11:10:15,522 [INFO] PluginManage:310 - Check plugin pinoutconfig
2024-05-15 11:10:15,736 [WARN] SupportedApi:132 - Cannot load RTOS API schema: s4s-elt-must-match.1: The content of 'definitions' must match (annotation?, (simpleType | complexType)?, (unique | key | keyref)*)). A problem was found starting at: attribute.
2024-05-15 11:10:16,067 [INFO] PluginManage:359 - Loaded plugin pinoutconfig (category:base,tabindex:0)
2024-05-15 11:10:16,067 [INFO] PluginManage:310 - Check plugin power
2024-05-15 11:10:16,211 [INFO] PluginManage:359 - Loaded plugin power (category:power,tabindex:4)
2024-05-15 11:10:16,211 [INFO] PluginManage:310 - Check plugin projectmanager
2024-05-15 11:10:16,234 [INFO] PluginManage:359 - Loaded plugin projectmanager (category:projectmanager,tabindex:3)
2024-05-15 11:10:16,234 [INFO] PluginManage:310 - Check plugin thirdparty
2024-05-15 11:10:16,776 [INFO] PluginManage:359 - Loaded plugin thirdparty (category:base,tabindex:-1)
2024-05-15 11:10:16,776 [INFO] PluginManage:310 - Check plugin tools
2024-05-15 11:10:16,776 [WARN] IntegrityCheckThread:84 - waiting for thirdparty lock release [integrity check]
2024-05-15 11:10:16,777 [INFO] IntegrityCheckThread:86 - entering critical section [integrity check]
2024-05-15 11:10:16,778 [INFO] ThirdPartyUpdaterWithRetryManager:70 - Updater plugin not ready yet. [1/15]
2024-05-15 11:10:16,825 [INFO] PluginManage:359 - Loaded plugin tools (category:base,tabindex:7)
2024-05-15 11:10:16,826 [INFO] PluginManage:310 - Check plugin tutovideos
2024-05-15 11:10:17,118 [INFO] PluginManage:359 - Loaded plugin tutovideos (category:base,tabindex:-1)
2024-05-15 11:10:17,118 [INFO] PluginManage:310 - Check plugin updater
2024-05-15 11:10:17,136 [INFO] PluginManage:359 - Loaded plugin updater (category:base,tabindex:12)
2024-05-15 11:10:17,137 [INFO] PluginManage:310 - Check plugin userauth
2024-05-15 11:10:17,144 [INFO] UserAuth:114 - Init User Auth plugin
2024-05-15 11:10:17,144 [INFO] PluginManage:359 - Loaded plugin userauth (category:base,tabindex:14)
2024-05-15 11:10:17,145 [INFO] PluginManage:283 - PluginManage : Loaded plugins [17]
2024-05-15 11:10:17,557 [INFO] PinOutPanel:1561 - setPackage(No Configuration,No Configuration)
2024-05-15 11:10:17,658 [INFO] CADModel:165 - CPN selected for project level
2024-05-15 11:10:17,658 [INFO] CADModel:114 - Register for checkConnection events
2024-05-15 11:10:17,690 [INFO] IPUIPlugin:80 - create IPUIPlugin
2024-05-15 11:10:17,690 [INFO] PluginManager:220 - loadIPPluginJar : add adc
2024-05-15 11:10:17,737 [INFO] IPUIPlugin:80 - create IPUIPlugin
2024-05-15 11:10:17,737 [INFO] PluginManager:220 - loadIPPluginJar : add aes
2024-05-15 11:10:17,852 [INFO] IPUIPlugin:80 - create IPUIPlugin
2024-05-15 11:10:17,853 [INFO] PluginManager:220 - loadIPPluginJar : add can
2024-05-15 11:10:17,943 [INFO] IPUIPlugin:80 - create IPUIPlugin
2024-05-15 11:10:17,943 [INFO] PluginManager:220 - loadIPPluginJar : add comp
2024-05-15 11:10:18,202 [INFO] IPUIPlugin:80 - create IPUIPlugin
2024-05-15 11:10:18,203 [INFO] PluginManager:220 - loadIPPluginJar : add cryp
2024-05-15 11:10:18,414 [INFO] IPUIPlugin:80 - create IPUIPlugin
2024-05-15 11:10:18,414 [INFO] PluginManager:220 - loadIPPluginJar : add dfsdm
2024-05-15 11:10:18,471 [INFO] IPUIPlugin:80 - create IPUIPlugin
2024-05-15 11:10:18,472 [INFO] PluginManager:220 - loadIPPluginJar : add dma
2024-05-15 11:10:18,676 [INFO] IPUIPlugin:80 - create IPUIPlugin
2024-05-15 11:10:18,676 [INFO] PluginManager:220 - loadIPPluginJar : add dma3
2024-05-15 11:10:18,824 [INFO] IPUIPlugin:80 - create IPUIPlugin
2024-05-15 11:10:18,824 [INFO] PluginManager:220 - loadIPPluginJar : add extmemmanager
2024-05-15 11:10:18,851 [INFO] IPUIPlugin:80 - create IPUIPlugin
2024-05-15 11:10:18,851 [INFO] PluginManager:220 - loadIPPluginJar : add fatfs
2024-05-15 11:10:18,990 [INFO] IPUIPlugin:80 - create IPUIPlugin
2024-05-15 11:10:18,990 [INFO] PluginManager:220 - loadIPPluginJar : add fmc
2024-05-15 11:10:19,032 [INFO] IPUIPlugin:80 - create IPUIPlugin
2024-05-15 11:10:19,033 [INFO] PluginManager:220 - loadIPPluginJar : add freertos
2024-05-15 11:10:19,058 [INFO] IPUIPlugin:80 - create IPUIPlugin
2024-05-15 11:10:19,059 [INFO] PluginManager:220 - loadIPPluginJar : add genericplugin
2024-05-15 11:10:19,181 [INFO] IPUIPlugin:80 - create IPUIPlugin
2024-05-15 11:10:19,181 [INFO] PluginManager:220 - loadIPPluginJar : add gfxmmu
2024-05-15 11:10:19,394 [INFO] IPUIPlugin:80 - create IPUIPlugin
2024-05-15 11:10:19,394 [INFO] PluginManager:220 - loadIPPluginJar : add gic
2024-05-15 11:10:19,448 [INFO] IPUIPlugin:80 - create IPUIPlugin
2024-05-15 11:10:19,449 [INFO] PluginManager:220 - loadIPPluginJar : add gpio
2024-05-15 11:10:19,563 [INFO] IPUIPlugin:80 - create IPUIPlugin
2024-05-15 11:10:19,564 [INFO] PluginManager:220 - loadIPPluginJar : add gtzc
2024-05-15 11:10:19,779 [INFO] ThirdPartyUpdaterWithRetryManager:70 - Updater plugin not ready yet. [2/15]
2024-05-15 11:10:19,782 [INFO] IPUIPlugin:80 - create IPUIPlugin
2024-05-15 11:10:19,782 [INFO] PluginManager:220 - loadIPPluginJar : add hash
2024-05-15 11:10:19,870 [INFO] IPUIPlugin:80 - create IPUIPlugin
2024-05-15 11:10:19,870 [INFO] PluginManager:220 - loadIPPluginJar : add i2c
2024-05-15 11:10:19,936 [INFO] IPUIPlugin:80 - create IPUIPlugin
2024-05-15 11:10:19,936 [INFO] PluginManager:220 - loadIPPluginJar : add i2s
2024-05-15 11:10:20,004 [INFO] IPUIPlugin:80 - create IPUIPlugin
2024-05-15 11:10:20,005 [INFO] PluginManager:220 - loadIPPluginJar : add i3c
2024-05-15 11:10:20,210 [INFO] IPUIPlugin:80 - create IPUIPlugin
2024-05-15 11:10:20,210 [INFO] PluginManager:220 - loadIPPluginJar : add ipddr
2024-05-15 11:10:20,385 [INFO] IPUIPlugin:80 - create IPUIPlugin
2024-05-15 11:10:20,386 [INFO] PluginManager:220 - loadIPPluginJar : add linkedlist
2024-05-15 11:10:20,432 [INFO] IPUIPlugin:80 - create IPUIPlugin
2024-05-15 11:10:20,432 [INFO] PluginManager:220 - loadIPPluginJar : add lorawan
2024-05-15 11:10:20,503 [INFO] IPUIPlugin:80 - create IPUIPlugin
2024-05-15 11:10:20,503 [INFO] PluginManager:220 - loadIPPluginJar : add ltdc
2024-05-15 11:10:20,521 [INFO] IPUIPlugin:80 - create IPUIPlugin
2024-05-15 11:10:20,521 [INFO] PluginManager:220 - loadIPPluginJar : add mdma
2024-05-15 11:10:20,536 [INFO] IPUIPlugin:80 - create IPUIPlugin
2024-05-15 11:10:20,536 [INFO] PluginManager:220 - loadIPPluginJar : add nvic
2024-05-15 11:10:20,583 [INFO] IPUIPlugin:80 - create IPUIPlugin
2024-05-15 11:10:20,583 [INFO] PluginManager:220 - loadIPPluginJar : add opamp
2024-05-15 11:10:20,663 [INFO] IPUIPlugin:80 - create IPUIPlugin
2024-05-15 11:10:20,663 [INFO] PluginManager:220 - loadIPPluginJar : add openamp
2024-05-15 11:10:20,737 [INFO] IPUIPlugin:80 - create IPUIPlugin
2024-05-15 11:10:20,738 [INFO] PluginManager:220 - loadIPPluginJar : add pdm2pcm
2024-05-15 11:10:20,755 [INFO] IPUIPlugin:80 - create IPUIPlugin
2024-05-15 11:10:20,758 [INFO] PluginManager:220 - loadIPPluginJar : add plateformsettings
2024-05-15 11:10:20,788 [INFO] IPUIPlugin:80 - create IPUIPlugin
2024-05-15 11:10:20,788 [INFO] PluginManager:220 - loadIPPluginJar : add quadspi
2024-05-15 11:10:20,814 [INFO] IPUIPlugin:80 - create IPUIPlugin
2024-05-15 11:10:20,814 [INFO] PluginManager:220 - loadIPPluginJar : add resmgrutility
2024-05-15 11:10:20,873 [INFO] IPUIPlugin:80 - create IPUIPlugin
2024-05-15 11:10:20,873 [INFO] PluginManager:220 - loadIPPluginJar : add sai
2024-05-15 11:10:20,920 [INFO] IPUIPlugin:80 - create IPUIPlugin
2024-05-15 11:10:20,921 [INFO] PluginManager:220 - loadIPPluginJar : add spi
2024-05-15 11:10:21,019 [INFO] IPUIPlugin:80 - create IPUIPlugin
2024-05-15 11:10:21,019 [INFO] PluginManager:220 - loadIPPluginJar : add stm32_wpan
2024-05-15 11:10:21,053 [INFO] IPUIPlugin:80 - create IPUIPlugin
2024-05-15 11:10:21,053 [INFO] PluginManager:220 - loadIPPluginJar : add tim
2024-05-15 11:10:21,140 [INFO] IPUIPlugin:80 - create IPUIPlugin
2024-05-15 11:10:21,141 [INFO] PluginManager:220 - loadIPPluginJar : add touchsensing
2024-05-15 11:10:21,170 [INFO] IPUIPlugin:80 - create IPUIPlugin
2024-05-15 11:10:21,171 [INFO] PluginManager:220 - loadIPPluginJar : add tracer_emb
2024-05-15 11:10:21,213 [INFO] IPUIPlugin:80 - create IPUIPlugin
2024-05-15 11:10:21,213 [INFO] PluginManager:220 - loadIPPluginJar : add ts
2024-05-15 11:10:21,257 [INFO] IPUIPlugin:80 - create IPUIPlugin
2024-05-15 11:10:21,257 [INFO] PluginManager:220 - loadIPPluginJar : add tsc
2024-05-15 11:10:21,300 [INFO] IPUIPlugin:80 - create IPUIPlugin
2024-05-15 11:10:21,300 [INFO] PluginManager:220 - loadIPPluginJar : add ucpd
2024-05-15 11:10:21,358 [INFO] IPUIPlugin:80 - create IPUIPlugin
2024-05-15 11:10:21,358 [INFO] PluginManager:220 - loadIPPluginJar : add usart
2024-05-15 11:10:21,414 [INFO] IPUIPlugin:80 - create IPUIPlugin
2024-05-15 11:10:21,414 [INFO] PluginManager:220 - loadIPPluginJar : add usbx
2024-05-15 11:10:21,561 [INFO] CADModel:165 - CPN selected for project level
2024-05-15 11:10:21,561 [INFO] CADModel:114 - Register for checkConnection events
2024-05-15 11:10:21,562 [FATAL] Updater:308 - Updater called before beeing initialized
2024-05-15 11:10:21,562 [ERROR] CADModel:125 - Updater not yet initialized, retry later 
2024-05-15 11:10:21,719 [INFO] CADModel:165 - CPN selected for project level
2024-05-15 11:10:21,720 [INFO] CADModel:114 - Register for checkConnection events
2024-05-15 11:10:21,720 [FATAL] Updater:308 - Updater called before beeing initialized
2024-05-15 11:10:21,720 [ERROR] CADModel:125 - Updater not yet initialized, retry later 
2024-05-15 11:10:21,724 [FATAL] Updater:308 - Updater called before beeing initialized
2024-05-15 11:10:21,882 [FATAL] Updater:308 - Updater called before beeing initialized
2024-05-15 11:10:21,895 [INFO] DbMcusAds:53 - JSON generation date=Thu May 02 10:37:29 CEST 2024 (1714639049318)
2024-05-15 11:10:21,895 [FATAL] Updater:308 - Updater called before beeing initialized
2024-05-15 11:10:22,009 [WARN] DetailPanel:346 - Failed to get advertising image, set to default
2024-05-15 11:10:22,141 [FATAL] Updater:308 - Updater called before beeing initialized
2024-05-15 11:10:22,156 [FATAL] Updater:308 - Updater called before beeing initialized
2024-05-15 11:10:22,157 [FATAL] Updater:308 - Updater called before beeing initialized
2024-05-15 11:10:22,157 [WARN] DetailPanel:346 - Failed to get advertising image, set to default
2024-05-15 11:10:22,158 [FATAL] Updater:308 - Updater called before beeing initialized
2024-05-15 11:10:22,249 [ERROR] Updater:1120 - MainUpdater not yet initialized. External WinMGr cannot be set.
2024-05-15 11:10:22,275 [INFO] Updater:1056 - Updater Version found : 6.11.0
2024-05-15 11:10:22,298 [INFO] ApplicationProperties:184 - Using Application install path: C:\ST\STM32CubeIDE_1.15.0\STM32CubeIDE\plugins\com.st.stm32cube.common.mx_6.11.0.202403141607
2024-05-15 11:10:22,781 [INFO] ThirdPartyUpdaterWithRetryManager:70 - Updater plugin not ready yet. [3/15]
2024-05-15 11:10:23,890 [ERROR] LogOutputStream:75 - [STDERR_REDIRECT] May 15, 2024 11:10:23 AM java.util.prefs.WindowsPreferences <init>
2024-05-15 11:10:23,892 [ERROR] LogOutputStream:75 - [STDERR_REDIRECT] WARNING: Could not open/create prefs root node Software\JavaSoft\Prefs at root 0xffffffff80000002. Windows RegCreateKeyEx(...) returned error code 5.
2024-05-15 11:10:23,892 [ERROR] LogOutputStream:75 - [STDERR_REDIRECT] 
2024-05-15 11:10:24,375 [INFO] MainUpdater:2873 - connection check result : 10
2024-05-15 11:10:24,376 [INFO] MainUpdater:290 - Updater Check For Update Now.
2024-05-15 11:10:24,376 [INFO] MicroXplorer:498 - Change Database Version : DB.6.0.110
2024-05-15 11:10:24,468 [INFO] McuFinderGlobals:63 - Set McuFinder mode to 2 (CubeIDE integrated)
2024-05-15 11:10:24,468 [INFO] UserAuth:179 - activating auth plugin
2024-05-15 11:10:24,549 [INFO] UserAuth:415 - Internet connection configuration mode: 1
2024-05-15 11:10:24,667 [INFO] JxBrowserEngine:152 - Initiate JxBrowser Engine with user profile folder
2024-05-15 11:10:24,827 [INFO] CheckServerUpdateThread:120 - End of CheckServer Thread
2024-05-15 11:10:26,077 [WARN] PackLoader:240 - Cannot read IP mode file for STMicroelectronics.FP-SNS-MOTENVWB1.1.4.0
2024-05-15 11:10:26,226 [WARN] PackLoader:240 - Cannot read IP mode file for STMicroelectronics.X-CUBE-SMBUS.2.1.0
2024-05-15 11:10:26,554 [WARN] PackLoader:240 - Cannot read IP mode file for STMicroelectronics.X-CUBE-TOUCHGFX.4.23.2
2024-05-15 11:10:26,618 [WARN] PackLoader:240 - Cannot read IP mode file for STMicroelectronics.X-CUBE-AZRTOS-F7.1.1.0
2024-05-15 11:10:26,674 [WARN] PackLoader:240 - Cannot read IP mode file for STMicroelectronics.FP-SNS-FLIGHT1.5.0.2
2024-05-15 11:10:26,705 [WARN] PackLoader:240 - Cannot read IP mode file for STMicroelectronics.X-CUBE-DISPLAY.3.0.0
2024-05-15 11:10:26,772 [WARN] PackLoader:240 - Cannot read IP mode file for STMicroelectronics.X-CUBE-BLE1.7.0.0
2024-05-15 11:10:26,813 [WARN] PackLoader:240 - Cannot read IP mode file for emotas.I-CUBE-CANOPEN.1.3.0
2024-05-15 11:10:26,856 [WARN] PackLoader:240 - Cannot read IP mode file for STMicroelectronics.X-CUBE-BLEMGR.3.1.0
2024-05-15 11:10:26,899 [WARN] PackLoader:240 - Cannot read IP mode file for STMicroelectronics.FP-SNS-SMARTAG2.1.2.0
2024-05-15 11:10:26,965 [INFO] LogOutputStream:77 - [STDOUT_REDIRECT] 1 : Invalid condition id : UX_CORESTACK_Condition cause : null
2024-05-15 11:10:26,965 [INFO] LogOutputStream:77 - [STDOUT_REDIRECT] 1 : Invalid condition id : UX_CORESTACK_Condition cause : null
2024-05-15 11:10:26,966 [INFO] LogOutputStream:77 - [STDOUT_REDIRECT] 1 : Invalid condition id : UX_CORESTACK_Condition cause : null
2024-05-15 11:10:26,968 [INFO] LogOutputStream:77 - [STDOUT_REDIRECT] 1 : Invalid condition id : UX_CORESTACK_Condition cause : null
2024-05-15 11:10:26,969 [INFO] LogOutputStream:77 - [STDOUT_REDIRECT] 1 : Invalid condition id : UX_CORESTACK_Condition cause : null
2024-05-15 11:10:26,973 [WARN] PackLoader:240 - Cannot read IP mode file for STMicroelectronics.X-CUBE-AZRTOS-WL.2.0.0
2024-05-15 11:10:26,993 [WARN] PackLoader:240 - Cannot read IP mode file for STMicroelectronics.FP-SNS-MOTENV1.5.0.0
2024-05-15 11:10:27,017 [WARN] PackLoader:240 - Cannot read IP mode file for WES.I-CUBE-Cesium.1.3.0
2024-05-15 11:10:27,039 [WARN] PackLoader:240 - Cannot read IP mode file for STMicroelectronics.X-CUBE-BLE2.3.3.0
2024-05-15 11:10:27,059 [WARN] PackLoader:240 - Cannot read IP mode file for STMicroelectronics.X-CUBE-TCPP.4.1.0
2024-05-15 11:10:27,130 [WARN] PackLoader:240 - Cannot read IP mode file for STMicroelectronics.X-CUBE-ALGOBUILD.1.3.0
2024-05-15 11:10:27,189 [WARN] PackLoader:240 - Cannot read IP mode file for STMicroelectronics.X-CUBE-AZRTOS-G0.1.1.0
2024-05-15 11:10:27,263 [WARN] PackLoader:240 - Cannot read IP mode file for STMicroelectronics.X-CUBE-SAFEA1.1.2.2
2024-05-15 11:10:27,333 [WARN] PackLoader:240 - Cannot read IP mode file for STMicroelectronics.X-CUBE-NFC4.3.0.0
2024-05-15 11:10:27,398 [WARN] PackLoader:240 - Cannot read IP mode file for wolfSSL.I-CUBE-wolfSSL.5.7.0
2024-05-15 11:10:27,417 [WARN] PackLoader:240 - Cannot read IP mode file for STMicroelectronics.FP-ATR-SIGFOX1.3.2.0
2024-05-15 11:10:27,435 [WARN] PackLoader:240 - Cannot read IP mode file for STMicroelectronics.X-CUBE-EEPRMA1.5.1.0
2024-05-15 11:10:27,476 [WARN] PackLoader:240 - Cannot read IP mode file for ITTIA_DB.I-CUBE-ITTIADB.8.9.0
2024-05-15 11:10:27,615 [WARN] PackLoader:240 - Cannot read IP mode file for SEGGER.I-CUBE-embOS.1.3.1
2024-05-15 11:10:27,931 [WARN] PackLoader:240 - Cannot read IP mode file for STMicroelectronics.X-CUBE-ALGOBUILD.1.4.0
2024-05-15 11:10:27,974 [WARN] PackLoader:240 - Cannot read IP mode file for STMicroelectronics.X-CUBE-GNSS1.6.0.0
2024-05-15 11:10:28,079 [WARN] PackLoader:240 - Cannot read IP mode file for STMicroelectronics.X-CUBE-AZRTOS-F4.1.1.0
2024-05-15 11:10:28,152 [WARN] PackLoader:240 - Cannot read IP mode file for STMicroelectronics.X-CUBE-FREERTOS.1.2.0
2024-05-15 11:10:28,298 [WARN] PackLoader:240 - Cannot read IP mode file for STMicroelectronics.X-CUBE-AZRTOS-L5.2.0.0
2024-05-15 11:10:28,318 [WARN] PackLoader:240 - Cannot read IP mode file for STMicroelectronics.X-CUBE-NFC6.3.1.0
2024-05-15 11:10:28,337 [WARN] PackLoader:240 - Cannot read IP mode file for STMicroelectronics.X-CUBE-AI.9.0.0
2024-05-15 11:10:28,352 [WARN] PackLoader:240 - Cannot read IP mode file for STMicroelectronics.X-CUBE-NFC7.1.0.1
2024-05-15 11:10:28,370 [WARN] PackLoader:240 - Cannot read IP mode file for STMicroelectronics.X-CUBE-AI.8.1.0
2024-05-15 11:10:28,425 [WARN] ConditionMgr:438 - getConditionDescription Invalid condition id : LAN8742 Phy interface Condition cause : null
2024-05-15 11:10:28,426 [WARN] PackLoader:240 - Cannot read IP mode file for STMicroelectronics.X-CUBE-AZRTOS-L4.2.0.0
2024-05-15 11:10:28,428 [WARN] ConditionMgr:1039 - genDependencies : Invalid condition id : LAN8742 Phy interface Condition cause : null
2024-05-15 11:10:28,428 [WARN] ConditionMgr:1039 - genDependencies : Invalid condition id : LAN8742 Phy interface Condition cause : null
2024-05-15 11:10:28,429 [WARN] ConditionMgr:1039 - genDependencies : Invalid condition id : LAN8742 Phy interface Condition cause : null
2024-05-15 11:10:28,512 [WARN] PackLoader:240 - Cannot read IP mode file for STMicroelectronics.X-CUBE-SFXS2LP1.4.0.0
2024-05-15 11:10:28,605 [WARN] ConditionMgr:438 - getConditionDescription Invalid condition id : UX DEVICE CLASS RTOS Condition cause : null
2024-05-15 11:10:28,605 [WARN] ConditionMgr:438 - getConditionDescription Invalid condition id : UX DEVICE CLASS RTOS Condition cause : null
2024-05-15 11:10:28,608 [WARN] PackLoader:240 - Cannot read IP mode file for STMicroelectronics.X-CUBE-AZRTOS-WB.2.0.0
2024-05-15 11:10:28,608 [WARN] ConditionMgr:1039 - genDependencies : Invalid condition id : UX DEVICE CLASS RTOS Condition cause : null
2024-05-15 11:10:28,609 [WARN] ConditionMgr:1039 - genDependencies : Invalid condition id : UX DEVICE CLASS RTOS Condition cause : null
2024-05-15 11:10:28,609 [WARN] ConditionMgr:1039 - genDependencies : Invalid condition id : UX DEVICE CLASS RTOS Condition cause : null
2024-05-15 11:10:28,609 [WARN] ConditionMgr:1039 - genDependencies : Invalid condition id : UX DEVICE CLASS RTOS Condition cause : null
2024-05-15 11:10:28,610 [WARN] ConditionMgr:1039 - genDependencies : Invalid condition id : UX DEVICE CLASS RTOS Condition cause : null
2024-05-15 11:10:28,755 [WARN] PackLoader:240 - Cannot read IP mode file for STMicroelectronics.X-CUBE-SUBG2.5.0.0
2024-05-15 11:10:28,870 [WARN] PackLoader:240 - Cannot read IP mode file for STMicroelectronics.X-CUBE-AZRTOS-G4.2.0.0
2024-05-15 11:10:29,073 [WARN] PackLoader:240 - Cannot read IP mode file for STMicroelectronics.FP-SNS-MOTENVWB1.1.3.1
2024-05-15 11:10:29,270 [WARN] PackLoader:240 - Cannot read IP mode file for STMicroelectronics.X-CUBE-ISPU.2.0.0
2024-05-15 11:10:29,456 [WARN] PackLoader:240 - Cannot read IP mode file for STMicroelectronics.X-CUBE-MEMS1.10.0.0
2024-05-15 11:10:29,698 [WARN] PackLoader:240 - Cannot read IP mode file for STMicroelectronics.X-CUBE-FREERTOS.1.1.0
2024-05-15 11:10:29,770 [WARN] PackLoader:240 - Cannot read IP mode file for portGmbH.I-Cube-SoM-uGOAL.1.1.0
2024-05-15 11:10:29,824 [WARN] PackLoader:240 - Cannot read IP mode file for STMicroelectronics.X-CUBE-ALS.1.0.1
2024-05-15 11:10:29,875 [WARN] PackLoader:240 - Cannot read IP mode file for STMicroelectronics.X-CUBE-AZRTOS-H7RS.1.0.0
2024-05-15 11:10:29,906 [WARN] PackLoader:240 - Cannot read IP mode file for STMicroelectronics.FP-ATR-ASTRA1.2.0.0
2024-05-15 11:10:30,201 [WARN] PackLoader:240 - Cannot read IP mode file for STMicroelectronics.X-CUBE-TOF1.3.4.1
2024-05-15 11:10:30,343 [WARN] PackLoader:240 - Cannot read IP mode file for STMicroelectronics.X-CUBE-AZRTOS-H7.3.2.0
2024-05-15 11:10:30,481 [WARN] PackLoader:240 - Cannot read IP mode file for Infineon.AIROC-Wi-Fi-Bluetooth-STM32.1.6.0
2024-05-15 11:10:30,484 [INFO] ThirdParty:978 - Integrity check success = true
2024-05-15 11:10:30,484 [INFO] IntegrityCheckThread:100 - exiting critical section [integrity check]
2024-05-15 11:10:30,484 [INFO] IntegrityCheckThread:103 - End integrity checks thread
2024-05-15 11:10:34,760 [INFO] WebApp:161 - Instantiating new browser for Auth
2024-05-15 11:10:37,136 [INFO] WebApp:779 - Register for checkConnection events
2024-05-15 11:10:37,137 [INFO] WebApp:414 - Apply proxy settings
2024-05-15 11:10:37,137 [INFO] WebApp:499 - Chromium requires no authentication
2024-05-15 11:10:37,154 [INFO] WebApp:442 - Direct internet connection detected
2024-05-15 11:10:37,379 [ERROR] LogOutputStream:75 - [STDERR_REDIRECT] 
2024-05-15 11:10:37,381 [ERROR] LogOutputStream:75 - [STDERR_REDIRECT] 
